<?xml version="1.0" encoding="UTF-8"?>
<testsuite xmlns:xsi="http://www.w3.org/2001/XMLSchema-instance" xsi:noNamespaceSchemaLocation="https://maven.apache.org/surefire/maven-surefire-plugin/xsd/surefire-test-report-3.0.xsd" version="3.0" name="com.bookingsystem.util.ValidationUtilTest" time="0.1" tests="14" errors="0" skipped="0" failures="0">
  <properties>
    <property name="java.specification.version" value="23"/>
    <property name="sun.cpu.isalist" value="amd64"/>
    <property name="sun.jnu.encoding" value="Cp1252"/>
    <property name="java.class.path" value="C:\Users\Ankit\Dropbox\My PC (LAPTOP-OSJIL8JN)\Downloads\net and Angular\travel-booking-system\target\test-classes;C:\Users\Ankit\Dropbox\My PC (LAPTOP-OSJIL8JN)\Downloads\net and Angular\travel-booking-system\target\classes;C:\Users\Ankit\.m2\repository\junit\junit\4.13.1\junit-4.13.1.jar;C:\Users\Ankit\.m2\repository\org\hamcrest\hamcrest-core\1.3\hamcrest-core-1.3.jar;C:\Users\Ankit\.m2\repository\org\junit\jupiter\junit-jupiter\5.11.4\junit-jupiter-5.11.4.jar;C:\Users\Ankit\.m2\repository\org\junit\jupiter\junit-jupiter-api\5.11.4\junit-jupiter-api-5.11.4.jar;C:\Users\Ankit\.m2\repository\org\opentest4j\opentest4j\1.3.0\opentest4j-1.3.0.jar;C:\Users\Ankit\.m2\repository\org\junit\platform\junit-platform-commons\1.11.4\junit-platform-commons-1.11.4.jar;C:\Users\Ankit\.m2\repository\org\apiguardian\apiguardian-api\1.1.2\apiguardian-api-1.1.2.jar;C:\Users\Ankit\.m2\repository\org\junit\jupiter\junit-jupiter-params\5.11.4\junit-jupiter-params-5.11.4.jar;C:\Users\Ankit\.m2\repository\org\junit\jupiter\junit-jupiter-engine\5.11.4\junit-jupiter-engine-5.11.4.jar;C:\Users\Ankit\.m2\repository\org\junit\platform\junit-platform-engine\1.11.4\junit-platform-engine-1.11.4.jar;"/>
    <property name="java.vm.vendor" value="Oracle Corporation"/>
    <property name="sun.arch.data.model" value="64"/>
    <property name="user.variant" value=""/>
    <property name="java.vendor.url" value="https://java.oracle.com/"/>
    <property name="user.timezone" value="Asia/Calcutta"/>
    <property name="os.name" value="Windows 11"/>
    <property name="java.vm.specification.version" value="23"/>
    <property name="sun.java.launcher" value="SUN_STANDARD"/>
    <property name="user.country" value="IN"/>
    <property name="sun.boot.library.path" value="C:\Program Files\Java\jdk-23\bin"/>
    <property name="sun.java.command" value="C:\Users\Ankit\AppData\Local\Temp\surefire14735403222774470870\surefirebooter-20250124101820080_3.jar C:\Users\Ankit\AppData\Local\Temp\surefire14735403222774470870 2025-01-24T10-18-19_776-jvmRun1 surefire-20250124101820080_1tmp surefire_0-20250124101820080_2tmp"/>
    <property name="jdk.debug" value="release"/>
    <property name="surefire.test.class.path" value="C:\Users\Ankit\Dropbox\My PC (LAPTOP-OSJIL8JN)\Downloads\net and Angular\travel-booking-system\target\test-classes;C:\Users\Ankit\Dropbox\My PC (LAPTOP-OSJIL8JN)\Downloads\net and Angular\travel-booking-system\target\classes;C:\Users\Ankit\.m2\repository\junit\junit\4.13.1\junit-4.13.1.jar;C:\Users\Ankit\.m2\repository\org\hamcrest\hamcrest-core\1.3\hamcrest-core-1.3.jar;C:\Users\Ankit\.m2\repository\org\junit\jupiter\junit-jupiter\5.11.4\junit-jupiter-5.11.4.jar;C:\Users\Ankit\.m2\repository\org\junit\jupiter\junit-jupiter-api\5.11.4\junit-jupiter-api-5.11.4.jar;C:\Users\Ankit\.m2\repository\org\opentest4j\opentest4j\1.3.0\opentest4j-1.3.0.jar;C:\Users\Ankit\.m2\repository\org\junit\platform\junit-platform-commons\1.11.4\junit-platform-commons-1.11.4.jar;C:\Users\Ankit\.m2\repository\org\apiguardian\apiguardian-api\1.1.2\apiguardian-api-1.1.2.jar;C:\Users\Ankit\.m2\repository\org\junit\jupiter\junit-jupiter-params\5.11.4\junit-jupiter-params-5.11.4.jar;C:\Users\Ankit\.m2\repository\org\junit\jupiter\junit-jupiter-engine\5.11.4\junit-jupiter-engine-5.11.4.jar;C:\Users\Ankit\.m2\repository\org\junit\platform\junit-platform-engine\1.11.4\junit-platform-engine-1.11.4.jar;"/>
    <property name="sun.cpu.endian" value="little"/>
    <property name="user.home" value="C:\Users\Ankit"/>
    <property name="user.language" value="en"/>
    <property name="java.specification.vendor" value="Oracle Corporation"/>
    <property name="java.version.date" value="2025-01-21"/>
    <property name="java.home" value="C:\Program Files\Java\jdk-23"/>
    <property name="file.separator" value="\"/>
    <property name="basedir" value="C:\Users\Ankit\Dropbox\My PC (LAPTOP-OSJIL8JN)\Downloads\net and Angular\travel-booking-system"/>
    <property name="java.vm.compressedOopsMode" value="32-bit"/>
    <property name="line.separator" value="&#10;"/>
    <property name="java.vm.specification.vendor" value="Oracle Corporation"/>
    <property name="java.specification.name" value="Java Platform API Specification"/>
    <property name="surefire.real.class.path" value="C:\Users\Ankit\AppData\Local\Temp\surefire14735403222774470870\surefirebooter-20250124101820080_3.jar"/>
    <property name="user.script" value=""/>
    <property name="sun.management.compiler" value="HotSpot 64-Bit Tiered Compilers"/>
    <property name="java.runtime.version" value="23.0.2+7-58"/>
    <property name="user.name" value="Ankit"/>
    <property name="stdout.encoding" value="Cp1252"/>
    <property name="path.separator" value=";"/>
    <property name="os.version" value="10.0"/>
    <property name="java.runtime.name" value="Java(TM) SE Runtime Environment"/>
    <property name="file.encoding" value="UTF-8"/>
    <property name="java.vm.name" value="Java HotSpot(TM) 64-Bit Server VM"/>
    <property name="localRepository" value="C:\Users\Ankit\.m2\repository"/>
    <property name="java.vendor.url.bug" value="https://bugreport.java.com/bugreport/"/>
    <property name="java.io.tmpdir" value="C:\Users\Ankit\AppData\Local\Temp\"/>
    <property name="java.version" value="23.0.2"/>
    <property name="user.dir" value="C:\Users\Ankit\Dropbox\My PC (LAPTOP-OSJIL8JN)\Downloads\net and Angular\travel-booking-system"/>
    <property name="os.arch" value="amd64"/>
    <property name="java.vm.specification.name" value="Java Virtual Machine Specification"/>
    <property name="sun.os.patch.level" value=""/>
    <property name="native.encoding" value="Cp1252"/>
    <property name="java.library.path" value="C:\Program Files\Java\jdk-23\bin;C:\WINDOWS\Sun\Java\bin;C:\WINDOWS\system32;C:\WINDOWS;C:\Program Files\Common Files\Oracle\Java\javapath;C:\WINDOWS\system32;C:\WINDOWS;C:\WINDOWS\System32\Wbem;C:\WINDOWS\System32\WindowsPowerShell\v1.0\;C:\WINDOWS\System32\OpenSSH\;C:\Program Files (x86)\Intel\Intel(R) Management Engine Components\DAL;C:\Program Files\Intel\Intel(R) Management Engine Components\DAL;C:\Program Files\MongoDB\Server\6.0\bin;C:\Program Files\NVIDIA Corporation\NVIDIA NvDLISR;C:\Program Files (x86)\NVIDIA Corporation\PhysX\Common;C:\Program Files\Git\cmd;C:\Program Files\Java\jdk-17\bin;C:\Program Files\apache-maven-3.9.6\bin;C:\Users\Ankit\AppData\Roaming\npm\node_modules\@angular\cli\bin;C:\Users\Ankit\AppData\Local\Programs\Python\Python313\;C:\Users\Ankit\AppData\Local\Programs\Python\Python313\Scripts;;C:\WINDOWS\system32;C:\WINDOWS;C:\WINDOWS\System32\Wbem;C:\WINDOWS\System32\WindowsPowerShell\v1.0\;C:\WINDOWS\System32\OpenSSH\;C:\Users\Ankit\AppData\Local\Microsoft\WindowsApps;C:\Program Files\JetBrains\PyCharm Community Edition 2020.3.5\bin;;C:\Program Files\JetBrains\IntelliJ IDEA 2024.3.2.1\bin;;C:\Program Files\JetBrains\IntelliJ IDEA Community Edition 2022.3.2\bin;;C:\msys64\ucrt64\bin;C:\Users\Ankit\AppData\Roaming\npm\node_modules\@angular\cli\bin\ng;C:\Users\Ankit\AppData\Roaming\npm\ng;C:\Users\Ankit\Dropbox\My PC (LAPTOP-OSJIL8JN)\Downloads\apache-maven-3.9.9-bin\apache-maven-3.9.9\bin;;."/>
    <property name="java.vm.info" value="mixed mode, sharing"/>
    <property name="stderr.encoding" value="Cp1252"/>
    <property name="java.vendor" value="Oracle Corporation"/>
    <property name="java.vm.version" value="23.0.2+7-58"/>
    <property name="sun.io.unicode.encoding" value="UnicodeLittle"/>
    <property name="java.class.version" value="67.0"/>
  </properties>
  <testcase name="getValidatedFullName_InvalidName_PromptsAgain" classname="com.bookingsystem.util.ValidationUtilTest" time="0.011">
    <system-out><![CDATA[Enter your full name:
Invalid full name. Please enter your full name (e.g., Piyush Kumar) with at least two words and no special characters.
Enter your full name:
]]></system-out>
  </testcase>
  <testcase name="getValidatedFlightNumber_ValidInput_ReturnsFlightNumber" classname="com.bookingsystem.util.ValidationUtilTest" time="0.004">
    <system-out><![CDATA[Enter the flight number to book:
]]></system-out>
  </testcase>
  <testcase name="getValidatedCityInput_InvalidCity_PromptsAgain" classname="com.bookingsystem.util.ValidationUtilTest" time="0.004">
    <system-out><![CDATA[Enter origin city:
City not found in our database. Please enter a valid city.
Enter origin city:
]]></system-out>
  </testcase>
  <testcase name="getValidatedEmailInput_ValidEmail_ReturnsEmail" classname="com.bookingsystem.util.ValidationUtilTest" time="0.003">
    <system-out><![CDATA[Enter your email:
]]></system-out>
  </testcase>
  <testcase name="getValidatedEmailInput_InvalidEmail_PromptsAgain" classname="com.bookingsystem.util.ValidationUtilTest" time="0.005">
    <system-out><![CDATA[Enter your email:
Invalid email address. Please enter a valid email (e.g., example@domain.com).
Enter your email:
]]></system-out>
  </testcase>
  <testcase name="getValidatedDateInput_ValidDate_ReturnsParsedDate" classname="com.bookingsystem.util.ValidationUtilTest" time="0.012">
    <system-out><![CDATA[Enter travel date (dd-MM-yyyy):
]]></system-out>
  </testcase>
  <testcase name="getValidatedDateInput_InvalidDate_PromptsAgain" classname="com.bookingsystem.util.ValidationUtilTest" time="0.003">
    <system-out><![CDATA[Enter travel date (dd-MM-yyyy):
Invalid date format. Please use dd-MM-yyyy.
Enter travel date (dd-MM-yyyy):
]]></system-out>
  </testcase>
  <testcase name="getValidatedAgeInput_InvalidAge_PromptsAgain" classname="com.bookingsystem.util.ValidationUtilTest" time="0.002">
    <system-out><![CDATA[Enter your age:
Age must be a valid number.
Enter your age:
]]></system-out>
  </testcase>
  <testcase name="getValidatedCityInput_ValidCity_ReturnsCity" classname="com.bookingsystem.util.ValidationUtilTest" time="0.006">
    <system-out><![CDATA[Enter origin city:
]]></system-out>
  </testcase>
  <testcase name="getValidatedSeatsInput_ValidSeats_ReturnsSeats" classname="com.bookingsystem.util.ValidationUtilTest" time="0.003">
    <system-out><![CDATA[Enter the number of seats you want to book:
]]></system-out>
  </testcase>
  <testcase name="getValidatedAgeInput_ValidAge_ReturnsAge" classname="com.bookingsystem.util.ValidationUtilTest" time="0.003">
    <system-out><![CDATA[Enter your age:
]]></system-out>
  </testcase>
  <testcase name="getValidatedFullName_ValidName_ReturnsName" classname="com.bookingsystem.util.ValidationUtilTest" time="0.003">
    <system-out><![CDATA[Enter your full name:
]]></system-out>
  </testcase>
  <testcase name="getValidatedFlightNumber_InvalidInput_PromptsAgain" classname="com.bookingsystem.util.ValidationUtilTest" time="0.002">
    <system-out><![CDATA[Enter the flight number to book:
Invalid input. Please enter a number corresponding to the flight you want to book.
Enter the flight number to book:
]]></system-out>
  </testcase>
  <testcase name="getValidatedSeatsInput_InvalidSeats_PromptsAgain" classname="com.bookingsystem.util.ValidationUtilTest" time="0.005">
    <system-out><![CDATA[Enter the number of seats you want to book:
Please enter a valid number.
Enter the number of seats you want to book:
Only 5 are available right now.
Enter the number of seats you want to book:
]]></system-out>
  </testcase>
</testsuite>